<?xml version="1.0" encoding="UTF-8"?>
<!-- Generated by org.testng.reporters.JUnitReportReporter -->
<testsuite hostname="DESKTOP-Q82OL9U" failures="0" tests="1" name="demo_package.Alerts" time="4.746" errors="0" timestamp="2024-06-25T16:43:34 IST" skipped="0">
  <testcase classname="demo_package.Alerts" name="testcase_1" time="4.746"/>
  <system-out/>
</testsuite> <!-- demo_package.Alerts -->
