<?xml version="1.0" encoding="UTF-8"?>
<!-- Generated by org.testng.reporters.JUnitReportReporter -->
<testsuite hostname="DESKTOP-Q82OL9U" failures="0" tests="1" name="demo_package.window_handles" time="3.659" errors="0" timestamp="2024-06-25T13:43:57 IST" skipped="0">
  <testcase classname="demo_package.window_handles" name="testcase1" time="3.659"/>
  <system-out/>
</testsuite> <!-- demo_package.window_handles -->
