<?xml version="1.0" encoding="UTF-8"?>
<!-- Generated by org.testng.reporters.JUnitReportReporter -->
<testsuite hostname="DESKTOP-Q82OL9U" failures="0" tests="1" name="demo_package.data_driven_excel" time="1.244" errors="0" timestamp="2024-06-27T17:07:32 IST" skipped="0">
  <testcase classname="demo_package.data_driven_excel" name="testcase1" time="1.244"/>
  <system-out/>
</testsuite> <!-- demo_package.data_driven_excel -->
