<?xml version="1.0" encoding="UTF-8"?>
<!-- Generated by org.testng.reporters.JUnitReportReporter -->
<testsuite hostname="DESKTOP-Q82OL9U" failures="0" tests="1" name="demo_package.datadrivenTesting" time="5.971" errors="0" timestamp="2024-06-29T00:34:18 IST" skipped="0">
  <testcase classname="demo_package.datadrivenTesting" name="testcase_1" time="5.971"/>
  <system-out/>
</testsuite> <!-- demo_package.datadrivenTesting -->
