<?xml version="1.0" encoding="UTF-8"?>
<!-- Generated by org.testng.reporters.JUnitReportReporter -->
<testsuite hostname="DESKTOP-Q82OL9U" failures="0" tests="4" name="demo_package.groups" time="0.064" errors="0" timestamp="2024-06-28T17:36:41 IST" skipped="0">
  <testcase classname="demo_package.groups" name="TC1" time="0.051"/>
  <system-out/>
  <testcase classname="demo_package.groups" name="TC4" time="0.003"/>
  <system-out/>
  <testcase classname="demo_package.groups" name="TC2" time="0.005"/>
  <system-out/>
  <testcase classname="demo_package.groups" name="TC3" time="0.005"/>
  <system-out/>
</testsuite> <!-- demo_package.groups -->
