<?xml version="1.0" encoding="UTF-8"?>
<!-- Generated by org.testng.reporters.JUnitReportReporter -->
<testsuite hostname="DESKTOP-Q82OL9U" failures="0" tests="2" name="demo_package.parallel_testing" time="39.434" errors="0" timestamp="2024-06-29T00:27:52 IST" skipped="0">
  <testcase classname="demo_package.parallel_testing" name="test1" time="25.618"/>
  <system-out/>
  <testcase classname="demo_package.parallel_testing" name="test2" time="13.816"/>
  <system-out/>
</testsuite> <!-- demo_package.parallel_testing -->
