<?xml version="1.0" encoding="UTF-8"?>
<!-- Generated by org.testng.reporters.JUnitReportReporter -->
<testsuite hostname="DESKTOP-Q82OL9U" failures="0" tests="1" name="demo_package.Class_guru99" time="27.048" errors="0" timestamp="2024-06-27T12:35:37 IST" skipped="0">
  <testcase classname="demo_package.Class_guru99" name="Testcase_1" time="27.048"/>
  <system-out/>
</testsuite> <!-- demo_package.Class_guru99 -->
