<?xml version="1.0" encoding="UTF-8"?>
<!-- Generated by org.testng.reporters.JUnitReportReporter -->
<testsuite hostname="DESKTOP-Q82OL9U" failures="0" tests="1" name="demo_package.unit3_evaluation_2_orangehrm" time="28.231" errors="0" timestamp="2024-06-29T12:56:48 IST" skipped="0">
  <testcase classname="demo_package.unit3_evaluation_2_orangehrm" name="testcase1" time="28.231"/>
  <system-out/>
</testsuite> <!-- demo_package.unit3_evaluation_2_orangehrm -->
