<?xml version="1.0" encoding="UTF-8"?>
<!-- Generated by org.testng.reporters.JUnitReportReporter -->
<testsuite hostname="DESKTOP-Q82OL9U" failures="0" tests="1" name="demo_package.date_and_calender" time="6.966" errors="0" timestamp="2024-06-28T13:33:59 IST" skipped="0">
  <testcase classname="demo_package.date_and_calender" name="calenders" time="6.966"/>
  <system-out/>
</testsuite> <!-- demo_package.date_and_calender -->
